<?xml version="1.0" encoding="UTF-8"?>
<!-- Generated by org.testng.reporters.JUnitReportReporter -->
<testsuite hostname="DESKTOP-3DKGOGQ" name="report.Annotation" tests="3" failures="0" timestamp="17 Feb 2024 10:31:15 GMT" time="21.675" errors="0">
  <testcase name="b_bingo" time="4.937" classname="report.Annotation"/>
  <testcase name="c_facebook" time="6.510" classname="report.Annotation"/>
  <testcase name="a_google" time="10.228" classname="report.Annotation"/>
</testsuite> <!-- report.Annotation -->
