<?xml version="1.0" encoding="UTF-8"?>
<!-- Generated by org.testng.reporters.JUnitReportReporter -->
<testsuite hostname="DESKTOP-3DKGOGQ" name="demo.Demo" tests="1" failures="0" timestamp="17 Feb 2024 10:08:46 GMT" time="65.816" errors="0">
  <testcase name="demo" time="65.816" classname="demo.Demo"/>
</testsuite> <!-- demo.Demo -->
