<?xml version="1.0" encoding="UTF-8"?>
<!-- Generated by org.testng.reporters.JUnitReportReporter -->
<testsuite hostname="DESKTOP-3DKGOGQ" name="report.ShooperStack" tests="1" failures="0" timestamp="21 Feb 2024 09:04:09 GMT" time="28.099" errors="0">
  <testcase name="regressions" time="28.099" classname="report.ShooperStack"/>
</testsuite> <!-- report.ShooperStack -->
